##fileformat=VCFv4.3
##fileDate= 20220706
##bssnperVersion=1.1
##bssnperCommand=--fa /home/shared/8TB_HDD_01/sr320/github/paper-oly-mbdbs-gen/data/bgdata/Olurida_v081-mergecat97.fa   --input /home/shared/8TB_HDD_01/sr320/github/paper-oly-mbdbs-gen/data/bgdata/v98/zr1394_all_s456_trimmed_bismark_bt2.deduplicated.sorted.bam --output ../analyses/20-bs-snp/all.SNP-candidates.txt --methcg ../analyses/20-bs-snp/all.CpG-meth-info.tab --methchg ../analyses/20-bs-snp/all.CHG-meth-info.tab --methchh ../analyses/20-bs-snp/all.CHH-meth-info.tab --minhetfreq  0.1 --minhomfreq  0.85 --minquali 15 --mincover 10 --maxcover 1000 --minread2 2 --errorate 0.02 --mapvalue 20
##reference=file:///home/shared/8TB_HDD_01/sr320/github/paper-oly-mbdbs-gen/data/bgdata/Olurida_v081-mergecat97.fa
##Bisulfite=directional>
##contig=<ID=Contig1,length=138455862>
##contig=<ID=Contig2,length=162977795>
##contig=<ID=Contig3,length=162888229>
##contig=<ID=Contig4,length=138666776>
##contig=<ID=Contig5,length=115454673>
##contig=<ID=Contig6,length=90850039>
##contig=<ID=Contig7,length=78741030>
##contig=<ID=Contig8,length=63405826>
##contig=<ID=Contig9,length=60272286>
##contig=<ID=Contig10,length=50401293>
##contig=<ID=Contig11,length=49394880>
##contig=<ID=Contig12,length=48053427>
##contig=<ID=Contig13,length=45952961>
##contig=<ID=Contig14,length=45463667>
##ALT=<ID=*,Description="Represents allele(s) other than observed.">
##INFO=<ID=INDEL,Number=0,Type=Flag,Description="Indicates that the variant is an INDEL.">
##INFO=<ID=IDV,Number=1,Type=Integer,Description="Maximum number of reads supporting an indel">
##INFO=<ID=IMF,Number=1,Type=Float,Description="Maximum fraction of reads supporting an indel">
##INFO=<ID=DP,Number=1,Type=Integer,Description="Raw read depth">
##INFO=<ID=AD,Number=R,Type=Integer,Description="Total allelic depths">
##INFO=<ID=ADF,Number=R,Type=Integer,Description="Total allelic depths on the forward strand">
##INFO=<ID=ADR,Number=R,Type=Integer,Description="Total allelic depths on the reverse strand">
##INFO=<ID=MQ0F,Number=1,Type=Float,Description="Fraction of MQ0 reads (smaller is better)">
##FILTER=<ID=Low,Description="Low Quality">
##FORMAT=<ID=GT,Number=1,Type=String,Description="Genotype">
##INFO=<ID=AC,Number=A,Type=Integer,Description="Allele count in genotypes for each ALT allele, in the same order as listed">
##INFO=<ID=AN,Number=1,Type=Integer,Description="Total number of alleles in called genotypes">
##INFO=<ID=DP4,Number=4,Type=Integer,Description="Number of high-quality ref-forward , ref-reverse, alt-forward and alt-reverse bases">
##INFO=<ID=MQ,Number=1,Type=Integer,Description="Average mapping quality">
##FORMAT=<ID=PL,Number=G,Type=Integer,Description="List of Phred-scaled genotype likelihoods">
##FORMAT=<ID=DP,Number=1,Type=Integer,Description="Number of high-quality bases">
##FORMAT=<ID=SP,Number=1,Type=Integer,Description="Phred-scaled strand bias P-value">
##FORMAT=<ID=AD,Number=R,Type=Integer,Description="Allelic depths">
##FORMAT=<ID=ADF,Number=R,Type=Integer,Description="Allelic depths on the forward strand">
##FORMAT=<ID=ADR,Number=R,Type=Integer,Description="Allelic depths on the reverse strand">
##FORMAT=<ID=BSD,Number=8,Type=Integer,Description="Depth, ATCG in watson strand and crick strand">
##FORMAT=<ID=BSQ,Number=8,Type=Integer,Description="Avarage Base Quality, ATCG in watson strand and crick strand">
##FORMAT=<ID=ALFR,Number=R,Type=Float,Description="Allele frequency">
#CHROM	POS	ID	REF	ALT	QUAL	FILTER	INFO	FORMAT	/home/shared/8TB_HDD_01/sr320/github/paper-oly-mbdbs-gen/data/bgdata/v98/zr1394_all_s456_trimmed_bismark_bt2.deduplicated.sorted.bam
